<?xml version="1.0" encoding="UTF-8"?>
<!-- Generated by org.testng.reporters.JUnitReportReporter -->
<testsuite hostname="VineetJoshi-98" name="Test.DemoPortalTest" tests="1" failures="0"
           timestamp="7 May 2022 07:33:50 GMT" time="21.406" errors="0">
    <testcase name="DemoFunction" time="21.406" classname="Test.DemoPortalTest"/>
</testsuite> <!-- Test.DemoPortalTest -->
